<?xml version="1.0" encoding="UTF-8"?>
<testsuite name="com.jojoldu.book.springboot.web.IndexControllerTest" tests="1" skipped="0" failures="0" errors="0" timestamp="2022-08-13T13:01:38" hostname="jungmyeongju-MacBookPro.local" time="0.074">
  <properties/>
  <testcase name="메인페이지_로딩()" classname="com.jojoldu.book.springboot.web.IndexControllerTest" time="0.074"/>
  <system-out><![CDATA[2022-08-13 22:01:38.308  INFO 4361 --- [    Test worker] .b.t.c.SpringBootTestContextBootstrapper : Neither @ContextConfiguration nor @ContextHierarchy found for test class [com.jojoldu.book.springboot.web.IndexControllerTest], using SpringBootContextLoader
2022-08-13 22:01:38.308  INFO 4361 --- [    Test worker] o.s.t.c.support.AbstractContextLoader    : Could not detect default resource locations for test class [com.jojoldu.book.springboot.web.IndexControllerTest]: no resource found for suffixes {-context.xml, Context.groovy}.
2022-08-13 22:01:38.308  INFO 4361 --- [    Test worker] t.c.s.AnnotationConfigContextLoaderUtils : Could not detect default configuration classes for test class [com.jojoldu.book.springboot.web.IndexControllerTest]: IndexControllerTest does not declare any static, non-private, non-final, nested classes annotated with @Configuration.
2022-08-13 22:01:38.309  INFO 4361 --- [    Test worker] .b.t.c.SpringBootTestContextBootstrapper : Found @SpringBootConfiguration com.jojoldu.book.springboot.Application for test class com.jojoldu.book.springboot.web.IndexControllerTest
2022-08-13 22:01:38.309  INFO 4361 --- [    Test worker] .b.t.c.SpringBootTestContextBootstrapper : Loaded default TestExecutionListener class names from location [META-INF/spring.factories]: [org.springframework.security.test.context.support.WithSecurityContextTestExecutionListener, org.springframework.security.test.context.support.ReactorContextTestExecutionListener, org.springframework.boot.test.autoconfigure.restdocs.RestDocsTestExecutionListener, org.springframework.boot.test.autoconfigure.web.client.MockRestServiceServerResetTestExecutionListener, org.springframework.boot.test.autoconfigure.web.servlet.MockMvcPrintOnlyOnFailureTestExecutionListener, org.springframework.boot.test.autoconfigure.web.servlet.WebDriverTestExecutionListener, org.springframework.boot.test.autoconfigure.webservices.client.MockWebServiceServerTestExecutionListener, org.springframework.boot.test.mock.mockito.MockitoTestExecutionListener, org.springframework.boot.test.mock.mockito.ResetMocksTestExecutionListener, org.springframework.test.context.web.ServletTestExecutionListener, org.springframework.test.context.support.DirtiesContextBeforeModesTestExecutionListener, org.springframework.test.context.event.ApplicationEventsTestExecutionListener, org.springframework.test.context.support.DependencyInjectionTestExecutionListener, org.springframework.test.context.support.DirtiesContextTestExecutionListener, org.springframework.test.context.transaction.TransactionalTestExecutionListener, org.springframework.test.context.jdbc.SqlScriptsTestExecutionListener, org.springframework.test.context.event.EventPublishingTestExecutionListener]
2022-08-13 22:01:38.310  INFO 4361 --- [    Test worker] .b.t.c.SpringBootTestContextBootstrapper : Using TestExecutionListeners: [org.springframework.test.context.web.ServletTestExecutionListener@340ef431, org.springframework.test.context.support.DirtiesContextBeforeModesTestExecutionListener@50d02417, org.springframework.test.context.event.ApplicationEventsTestExecutionListener@53425450, org.springframework.boot.test.mock.mockito.MockitoTestExecutionListener@314e240c, org.springframework.boot.test.autoconfigure.SpringBootDependencyInjectionTestExecutionListener@7222e168, org.springframework.test.context.support.DirtiesContextTestExecutionListener@230383a7, org.springframework.test.context.transaction.TransactionalTestExecutionListener@6222a343, org.springframework.test.context.jdbc.SqlScriptsTestExecutionListener@228c854f, org.springframework.security.test.context.support.WithSecurityContextTestExecutionListener@47c019d7, org.springframework.test.context.event.EventPublishingTestExecutionListener@7861a433, org.springframework.security.test.context.support.ReactorContextTestExecutionListener@f2e28c7, org.springframework.boot.test.autoconfigure.restdocs.RestDocsTestExecutionListener@494e7290, org.springframework.boot.test.autoconfigure.web.client.MockRestServiceServerResetTestExecutionListener@e87c4cf, org.springframework.boot.test.autoconfigure.web.servlet.MockMvcPrintOnlyOnFailureTestExecutionListener@7bb2b910, org.springframework.boot.test.autoconfigure.web.servlet.WebDriverTestExecutionListener@5a4ceb1, org.springframework.boot.test.autoconfigure.webservices.client.MockWebServiceServerTestExecutionListener@3fc4e667, org.springframework.boot.test.mock.mockito.ResetMocksTestExecutionListener@f55ecec]
2022-08-13 22:01:38.354  INFO 4361 --- [o-auto-1-exec-2] o.a.c.c.C.[Tomcat].[localhost].[/]       : Initializing Spring DispatcherServlet 'dispatcherServlet'
2022-08-13 22:01:38.355  INFO 4361 --- [o-auto-1-exec-2] o.s.web.servlet.DispatcherServlet        : Initializing Servlet 'dispatcherServlet'
2022-08-13 22:01:38.355  INFO 4361 --- [o-auto-1-exec-2] o.s.web.servlet.DispatcherServlet        : Completed initialization in 0 ms
Hibernate: select posts0_.id as id1_0_, posts0_.created_date as created_2_0_, posts0_.modified_date as modified3_0_, posts0_.author as author4_0_, posts0_.content as content5_0_, posts0_.title as title6_0_ from posts posts0_ order by posts0_.id DESC
]]></system-out>
  <system-err><![CDATA[]]></system-err>
</testsuite>
